<?xml version="1.0" encoding="UTF-8"?>
<testsuite xmlns:xsi="http://www.w3.org/2001/XMLSchema-instance" xsi:noNamespaceSchemaLocation="https://maven.apache.org/surefire/maven-surefire-plugin/xsd/surefire-test-report.xsd" name="TestSuite" time="31.978" tests="28" errors="0" skipped="14" failures="8">
  <properties>
[...]
</properties>
  <testcase name="shouldAnswerWithTrue" classname="com.shopping.AppTest" time="0.003"/>
  <testcase name="productHeaderTest" classname="com.qa.shopping.opencart.tests.ProductInfoPageTest" time="12.29"/>
  <testcase name="productImagesCountTest" classname="com.qa.shopping.opencart.tests.ProductInfoPageTest" time="2.112"/>
  <testcase name="productInfoTest" classname="com.qa.shopping.opencart.tests.ProductInfoPageTest" time="1.177">
    <failure message="unknown error: unexpected command response&#10;  (Session info: chrome=103.0.5060.134)&#10;Build info: version: &apos;4.1.2&apos;, revision: &apos;9a5a329c5a&apos;&#10;System info: host: &apos;Terrys-MBP&apos;, ip: &apos;fe80:0:0:0:b4:4b00:7195:8b33%en0&apos;, os.name: &apos;Mac OS X&apos;, os.arch: &apos;x86_64&apos;, os.version: &apos;10.14.6&apos;, java.version: &apos;1.8.0_172&apos;&#10;Driver info: org.openqa.selenium.chrome.ChromeDriver&#10;Command: [091e5df8c1f762fa86a0fc1af912703e, findElements {using=css selector, value=div.caption a}]&#10;Capabilities {acceptInsecureCerts: false, browserName: chrome, browserVersion: 103.0.5060.134, chrome: {chromedriverVersion: 102.0.5005.61 (0e59bcc00cc4..., userDataDir: /var/folders/_y/d0ls10td4b9...}, goog:chromeOptions: {debuggerAddress: localhost:49672}, javascriptEnabled: true, networkConnectionEnabled: false, pageLoadStrategy: normal, platform: MAC, platformName: MAC, proxy: Proxy(), se:cdp: ws://localhost:49672/devtoo..., se:cdpVersion: 103.0.5060.134, setWindowRect: true, strictFileInteractability: false, timeouts: {implicit: 0, pageLoad: 300000, script: 30000}, unhandledPromptBehavior: dismiss and notify, webauthn:extension:credBlob: true, webauthn:extension:largeBlob: true, webauthn:virtualAuthenticators: true}&#10;Session ID: 091e5df8c1f762fa86a0fc1af912703e" type="org.openqa.selenium.WebDriverException">org.openqa.selenium.WebDriverException: 
unknown error: unexpected command response
  (Session info: chrome=103.0.5060.134)
Build info: version: '4.1.2', revision: '9a5a329c5a'
System info: host: 'Terrys-MBP', ip: 'fe80:0:0:0:b4:4b00:7195:8b33%en0', os.name: 'Mac OS X', os.arch: 'x86_64', os.version: '10.14.6', java.version: '1.8.0_172'
Driver info: org.openqa.selenium.chrome.ChromeDriver
Command: [091e5df8c1f762fa86a0fc1af912703e, findElements {using=css selector, value=div.caption a}]
Capabilities {acceptInsecureCerts: false, browserName: chrome, browserVersion: 103.0.5060.134, chrome: {chromedriverVersion: 102.0.5005.61 (0e59bcc00cc4..., userDataDir: /var/folders/_y/d0ls10td4b9...}, goog:chromeOptions: {debuggerAddress: localhost:49672}, javascriptEnabled: true, networkConnectionEnabled: false, pageLoadStrategy: normal, platform: MAC, platformName: MAC, proxy: Proxy(), se:cdp: ws://localhost:49672/devtoo..., se:cdpVersion: 103.0.5060.134, setWindowRect: true, strictFileInteractability: false, timeouts: {implicit: 0, pageLoad: 300000, script: 30000}, unhandledPromptBehavior: dismiss and notify, webauthn:extension:credBlob: true, webauthn:extension:largeBlob: true, webauthn:virtualAuthenticators: true}
Session ID: 091e5df8c1f762fa86a0fc1af912703e
	at com.qa.shopping.opencart.tests.ProductInfoPageTest.productInfoTest(ProductInfoPageTest.java:36)
</failure>
    <system-out><![CDATA[searching the product: MacBook
]]></system-out>
  </testcase>
  <testcase name="test01" classname="com.qa.shopping.opencart.tests.TestSpring" time="7.436"/>
  <testcase name="test02" classname="com.qa.shopping.opencart.tests.TestSpring" time="0.026"/>
  <testcase name="test03" classname="com.qa.shopping.opencart.tests.TestSpring" time="0"/>
  <testcase name="accPageSetup" classname="com.qa.shopping.opencart.tests.AccountPageTest" time="0.001">
    <failure type="java.lang.NullPointerException">java.lang.NullPointerException
	at com.qa.shopping.opencart.tests.AccountPageTest.accPageSetup(AccountPageTest.java:17)
</failure>
  </testcase>
  <testcase name="accPageHeaderTest" classname="com.qa.shopping.opencart.tests.AccountPageTest" time="0">
    <skipped/>
  </testcase>
  <testcase name="accPageSectionsTest" classname="com.qa.shopping.opencart.tests.AccountPageTest" time="0">
    <skipped/>
  </testcase>
  <testcase name="accPageTitleTest" classname="com.qa.shopping.opencart.tests.AccountPageTest" time="0">
    <skipped/>
  </testcase>
  <testcase name="isLogoutExistTest" classname="com.qa.shopping.opencart.tests.AccountPageTest" time="0">
    <skipped/>
  </testcase>
  <testcase name="searchTest" classname="com.qa.shopping.opencart.tests.AccountPageTest" time="0">
    <skipped/>
  </testcase>
  <testcase name="searchTest" classname="com.qa.shopping.opencart.tests.AccountPageTest" time="0">
    <skipped/>
  </testcase>
  <testcase name="searchTest" classname="com.qa.shopping.opencart.tests.AccountPageTest" time="0">
    <skipped/>
  </testcase>
  <testcase name="selectProductTest" classname="com.qa.shopping.opencart.tests.AccountPageTest" time="0">
    <skipped/>
  </testcase>
  <testcase name="selectProductTest" classname="com.qa.shopping.opencart.tests.AccountPageTest" time="0">
    <skipped/>
  </testcase>
  <testcase name="selectProductTest" classname="com.qa.shopping.opencart.tests.AccountPageTest" time="0">
    <skipped/>
  </testcase>
  <testcase name="selectProductTest" classname="com.qa.shopping.opencart.tests.AccountPageTest" time="0">
    <skipped/>
  </testcase>
  <testcase name="setupRegistration" classname="com.qa.shopping.opencart.tests.RegistrationPageTest" time="0.01">
    <failure type="java.lang.NullPointerException">java.lang.NullPointerException
	at com.qa.shopping.opencart.tests.RegistrationPageTest.setupRegistration(RegistrationPageTest.java:17)
</failure>
  </testcase>
  <testcase name="userRegistrationTest" classname="com.qa.shopping.opencart.tests.RegistrationPageTest" time="0">
    <skipped/>
  </testcase>
  <testcase name="userRegistrationTest" classname="com.qa.shopping.opencart.tests.RegistrationPageTest" time="0">
    <skipped/>
  </testcase>
  <testcase name="userRegistrationTest" classname="com.qa.shopping.opencart.tests.RegistrationPageTest" time="0">
    <skipped/>
  </testcase>
  <testcase name="loginPageTitleTest" classname="com.qa.shopping.opencart.tests.LoginPageTest" time="0">
    <failure type="java.lang.NullPointerException">java.lang.NullPointerException
	at com.qa.shopping.opencart.tests.LoginPageTest.loginPageTitleTest(LoginPageTest.java:11)
</failure>
  </testcase>
  <testcase name="loginPageUrlTest" classname="com.qa.shopping.opencart.tests.LoginPageTest" time="0">
    <failure type="java.lang.NullPointerException">java.lang.NullPointerException
	at com.qa.shopping.opencart.tests.LoginPageTest.loginPageUrlTest(LoginPageTest.java:18)
</failure>
  </testcase>
  <testcase name="forgotPwdLinkTest" classname="com.qa.shopping.opencart.tests.LoginPageTest" time="0">
    <failure type="java.lang.NullPointerException">java.lang.NullPointerException
	at com.qa.shopping.opencart.tests.LoginPageTest.forgotPwdLinkTest(LoginPageTest.java:23)
</failure>
  </testcase>
  <testcase name="registerLinkTest" classname="com.qa.shopping.opencart.tests.LoginPageTest" time="0">
    <failure type="java.lang.NullPointerException">java.lang.NullPointerException
	at com.qa.shopping.opencart.tests.LoginPageTest.registerLinkTest(LoginPageTest.java:28)
</failure>
  </testcase>
  <testcase name="loginTest" classname="com.qa.shopping.opencart.tests.LoginPageTest" time="0">
    <failure type="java.lang.NullPointerException">java.lang.NullPointerException
	at com.qa.shopping.opencart.tests.LoginPageTest.loginTest(LoginPageTest.java:33)
</failure>
  </testcase>
</testsuite>